  Saper.cpp
c:\program files (x86)\windows kits\8.1\include\shared\minwindef.h(127): warning C4005: 'CALLBACK': macro redefinition
  f:\programs\ide\vs 2015\vc\include\glut.h(34): note: see previous definition of 'CALLBACK'
f:\programs\ide\vs 2015\vc\include\freeglut_std.h(109): warning C4005: 'GLUT_API_VERSION': macro redefinition
  f:\programs\ide\vs 2015\vc\include\glut.h(183): note: see previous definition of 'GLUT_API_VERSION'
f:\programs\ide\vs 2015\vc\include\freeglut_std.h(110): warning C4005: 'GLUT_XLIB_IMPLEMENTATION': macro redefinition
  f:\programs\ide\vs 2015\vc\include\glut.h(223): note: see previous definition of 'GLUT_XLIB_IMPLEMENTATION'
f:\programs\ide\vs 2015\vc\include\freeglut_std.h(136): warning C4005: 'GLUT_KEY_F1': macro redefinition
  f:\programs\ide\vs 2015\vc\include\glut.h(255): note: see previous definition of 'GLUT_KEY_F1'
f:\programs\ide\vs 2015\vc\include\freeglut_std.h(137): warning C4005: 'GLUT_KEY_F2': macro redefinition
  f:\programs\ide\vs 2015\vc\include\glut.h(256): note: see previous definition of 'GLUT_KEY_F2'
f:\programs\ide\vs 2015\vc\include\freeglut_std.h(138): warning C4005: 'GLUT_KEY_F3': macro redefinition
  f:\programs\ide\vs 2015\vc\include\glut.h(257): note: see previous definition of 'GLUT_KEY_F3'
f:\programs\ide\vs 2015\vc\include\freeglut_std.h(139): warning C4005: 'GLUT_KEY_F4': macro redefinition
  f:\programs\ide\vs 2015\vc\include\glut.h(258): note: see previous definition of 'GLUT_KEY_F4'
f:\programs\ide\vs 2015\vc\include\freeglut_std.h(140): warning C4005: 'GLUT_KEY_F5': macro redefinition
  f:\programs\ide\vs 2015\vc\include\glut.h(259): note: see previous definition of 'GLUT_KEY_F5'
f:\programs\ide\vs 2015\vc\include\freeglut_std.h(141): warning C4005: 'GLUT_KEY_F6': macro redefinition
  f:\programs\ide\vs 2015\vc\include\glut.h(260): note: see previous definition of 'GLUT_KEY_F6'
f:\programs\ide\vs 2015\vc\include\freeglut_std.h(142): warning C4005: 'GLUT_KEY_F7': macro redefinition
  f:\programs\ide\vs 2015\vc\include\glut.h(261): note: see previous definition of 'GLUT_KEY_F7'
f:\programs\ide\vs 2015\vc\include\freeglut_std.h(143): warning C4005: 'GLUT_KEY_F8': macro redefinition
  f:\programs\ide\vs 2015\vc\include\glut.h(262): note: see previous definition of 'GLUT_KEY_F8'
f:\programs\ide\vs 2015\vc\include\freeglut_std.h(144): warning C4005: 'GLUT_KEY_F9': macro redefinition
  f:\programs\ide\vs 2015\vc\include\glut.h(263): note: see previous definition of 'GLUT_KEY_F9'
f:\programs\ide\vs 2015\vc\include\freeglut_std.h(145): warning C4005: 'GLUT_KEY_F10': macro redefinition
  f:\programs\ide\vs 2015\vc\include\glut.h(264): note: see previous definition of 'GLUT_KEY_F10'
f:\programs\ide\vs 2015\vc\include\freeglut_std.h(146): warning C4005: 'GLUT_KEY_F11': macro redefinition
  f:\programs\ide\vs 2015\vc\include\glut.h(265): note: see previous definition of 'GLUT_KEY_F11'
f:\programs\ide\vs 2015\vc\include\freeglut_std.h(147): warning C4005: 'GLUT_KEY_F12': macro redefinition
  f:\programs\ide\vs 2015\vc\include\glut.h(266): note: see previous definition of 'GLUT_KEY_F12'
f:\programs\ide\vs 2015\vc\include\freeglut_std.h(148): warning C4005: 'GLUT_KEY_LEFT': macro redefinition
  f:\programs\ide\vs 2015\vc\include\glut.h(268): note: see previous definition of 'GLUT_KEY_LEFT'
f:\programs\ide\vs 2015\vc\include\freeglut_std.h(149): warning C4005: 'GLUT_KEY_UP': macro redefinition
  f:\programs\ide\vs 2015\vc\include\glut.h(269): note: see previous definition of 'GLUT_KEY_UP'
f:\programs\ide\vs 2015\vc\include\freeglut_std.h(150): warning C4005: 'GLUT_KEY_RIGHT': macro redefinition
  f:\programs\ide\vs 2015\vc\include\glut.h(270): note: see previous definition of 'GLUT_KEY_RIGHT'
f:\programs\ide\vs 2015\vc\include\freeglut_std.h(151): warning C4005: 'GLUT_KEY_DOWN': macro redefinition
  f:\programs\ide\vs 2015\vc\include\glut.h(271): note: see previous definition of 'GLUT_KEY_DOWN'
f:\programs\ide\vs 2015\vc\include\freeglut_std.h(152): warning C4005: 'GLUT_KEY_PAGE_UP': macro redefinition
  f:\programs\ide\vs 2015\vc\include\glut.h(272): note: see previous definition of 'GLUT_KEY_PAGE_UP'
f:\programs\ide\vs 2015\vc\include\freeglut_std.h(153): warning C4005: 'GLUT_KEY_PAGE_DOWN': macro redefinition
  f:\programs\ide\vs 2015\vc\include\glut.h(273): note: see previous definition of 'GLUT_KEY_PAGE_DOWN'
f:\programs\ide\vs 2015\vc\include\freeglut_std.h(154): warning C4005: 'GLUT_KEY_HOME': macro redefinition
  f:\programs\ide\vs 2015\vc\include\glut.h(274): note: see previous definition of 'GLUT_KEY_HOME'
f:\programs\ide\vs 2015\vc\include\freeglut_std.h(155): warning C4005: 'GLUT_KEY_END': macro redefinition
  f:\programs\ide\vs 2015\vc\include\glut.h(275): note: see previous definition of 'GLUT_KEY_END'
f:\programs\ide\vs 2015\vc\include\freeglut_std.h(156): warning C4005: 'GLUT_KEY_INSERT': macro redefinition
  f:\programs\ide\vs 2015\vc\include\glut.h(276): note: see previous definition of 'GLUT_KEY_INSERT'
f:\programs\ide\vs 2015\vc\include\freeglut_std.h(161): warning C4005: 'GLUT_LEFT_BUTTON': macro redefinition
  f:\programs\ide\vs 2015\vc\include\glut.h(245): note: see previous definition of 'GLUT_LEFT_BUTTON'
f:\programs\ide\vs 2015\vc\include\freeglut_std.h(162): warning C4005: 'GLUT_MIDDLE_BUTTON': macro redefinition
  f:\programs\ide\vs 2015\vc\include\glut.h(246): note: see previous definition of 'GLUT_MIDDLE_BUTTON'
f:\programs\ide\vs 2015\vc\include\freeglut_std.h(163): warning C4005: 'GLUT_RIGHT_BUTTON': macro redefinition
  f:\programs\ide\vs 2015\vc\include\glut.h(247): note: see previous definition of 'GLUT_RIGHT_BUTTON'
f:\programs\ide\vs 2015\vc\include\freeglut_std.h(164): warning C4005: 'GLUT_DOWN': macro redefinition
  f:\programs\ide\vs 2015\vc\include\glut.h(250): note: see previous definition of 'GLUT_DOWN'
f:\programs\ide\vs 2015\vc\include\freeglut_std.h(165): warning C4005: 'GLUT_UP': macro redefinition
  f:\programs\ide\vs 2015\vc\include\glut.h(251): note: see previous definition of 'GLUT_UP'
f:\programs\ide\vs 2015\vc\include\freeglut_std.h(166): warning C4005: 'GLUT_LEFT': macro redefinition
  f:\programs\ide\vs 2015\vc\include\glut.h(280): note: see previous definition of 'GLUT_LEFT'
f:\programs\ide\vs 2015\vc\include\freeglut_std.h(167): warning C4005: 'GLUT_ENTERED': macro redefinition
  f:\programs\ide\vs 2015\vc\include\glut.h(281): note: see previous definition of 'GLUT_ENTERED'
f:\programs\ide\vs 2015\vc\include\freeglut_std.h(172): warning C4005: 'GLUT_RGB': macro redefinition
  f:\programs\ide\vs 2015\vc\include\glut.h(227): note: see previous definition of 'GLUT_RGB'
f:\programs\ide\vs 2015\vc\include\freeglut_std.h(173): warning C4005: 'GLUT_RGBA': macro redefinition
  f:\programs\ide\vs 2015\vc\include\glut.h(228): note: see previous definition of 'GLUT_RGBA'
f:\programs\ide\vs 2015\vc\include\freeglut_std.h(174): warning C4005: 'GLUT_INDEX': macro redefinition
  f:\programs\ide\vs 2015\vc\include\glut.h(229): note: see previous definition of 'GLUT_INDEX'
f:\programs\ide\vs 2015\vc\include\freeglut_std.h(175): warning C4005: 'GLUT_SINGLE': macro redefinition
  f:\programs\ide\vs 2015\vc\include\glut.h(230): note: see previous definition of 'GLUT_SINGLE'
f:\programs\ide\vs 2015\vc\include\freeglut_std.h(176): warning C4005: 'GLUT_DOUBLE': macro redefinition
  f:\programs\ide\vs 2015\vc\include\glut.h(231): note: see previous definition of 'GLUT_DOUBLE'
f:\programs\ide\vs 2015\vc\include\freeglut_std.h(177): warning C4005: 'GLUT_ACCUM': macro redefinition
  f:\programs\ide\vs 2015\vc\include\glut.h(232): note: see previous definition of 'GLUT_ACCUM'
f:\programs\ide\vs 2015\vc\include\freeglut_std.h(178): warning C4005: 'GLUT_ALPHA': macro redefinition
  f:\programs\ide\vs 2015\vc\include\glut.h(233): note: see previous definition of 'GLUT_ALPHA'
f:\programs\ide\vs 2015\vc\include\freeglut_std.h(179): warning C4005: 'GLUT_DEPTH': macro redefinition
  f:\programs\ide\vs 2015\vc\include\glut.h(234): note: see previous definition of 'GLUT_DEPTH'
f:\programs\ide\vs 2015\vc\include\freeglut_std.h(180): warning C4005: 'GLUT_STENCIL': macro redefinition
  f:\programs\ide\vs 2015\vc\include\glut.h(235): note: see previous definition of 'GLUT_STENCIL'
f:\programs\ide\vs 2015\vc\include\freeglut_std.h(181): warning C4005: 'GLUT_MULTISAMPLE': macro redefinition
  f:\programs\ide\vs 2015\vc\include\glut.h(237): note: see previous definition of 'GLUT_MULTISAMPLE'
f:\programs\ide\vs 2015\vc\include\freeglut_std.h(182): warning C4005: 'GLUT_STEREO': macro redefinition
  f:\programs\ide\vs 2015\vc\include\glut.h(238): note: see previous definition of 'GLUT_STEREO'
f:\programs\ide\vs 2015\vc\include\freeglut_std.h(183): warning C4005: 'GLUT_LUMINANCE': macro redefinition
  f:\programs\ide\vs 2015\vc\include\glut.h(241): note: see previous definition of 'GLUT_LUMINANCE'
f:\programs\ide\vs 2015\vc\include\freeglut_std.h(188): warning C4005: 'GLUT_MENU_NOT_IN_USE': macro redefinition
  f:\programs\ide\vs 2015\vc\include\glut.h(284): note: see previous definition of 'GLUT_MENU_NOT_IN_USE'
f:\programs\ide\vs 2015\vc\include\freeglut_std.h(189): warning C4005: 'GLUT_MENU_IN_USE': macro redefinition
  f:\programs\ide\vs 2015\vc\include\glut.h(285): note: see previous definition of 'GLUT_MENU_IN_USE'
f:\programs\ide\vs 2015\vc\include\freeglut_std.h(190): warning C4005: 'GLUT_NOT_VISIBLE': macro redefinition
  f:\programs\ide\vs 2015\vc\include\glut.h(288): note: see previous definition of 'GLUT_NOT_VISIBLE'
f:\programs\ide\vs 2015\vc\include\freeglut_std.h(191): warning C4005: 'GLUT_VISIBLE': macro redefinition
  f:\programs\ide\vs 2015\vc\include\glut.h(289): note: see previous definition of 'GLUT_VISIBLE'
f:\programs\ide\vs 2015\vc\include\freeglut_std.h(192): warning C4005: 'GLUT_HIDDEN': macro redefinition
  f:\programs\ide\vs 2015\vc\include\glut.h(292): note: see previous definition of 'GLUT_HIDDEN'
f:\programs\ide\vs 2015\vc\include\freeglut_std.h(193): warning C4005: 'GLUT_FULLY_RETAINED': macro redefinition
  f:\programs\ide\vs 2015\vc\include\glut.h(293): note: see previous definition of 'GLUT_FULLY_RETAINED'
f:\programs\ide\vs 2015\vc\include\freeglut_std.h(194): warning C4005: 'GLUT_PARTIALLY_RETAINED': macro redefinition
  f:\programs\ide\vs 2015\vc\include\glut.h(294): note: see previous definition of 'GLUT_PARTIALLY_RETAINED'
f:\programs\ide\vs 2015\vc\include\freeglut_std.h(195): warning C4005: 'GLUT_FULLY_COVERED': macro redefinition
  f:\programs\ide\vs 2015\vc\include\glut.h(295): note: see previous definition of 'GLUT_FULLY_COVERED'
f:\programs\ide\vs 2015\vc\include\freeglut_std.h(203): warning C4005: 'GLUT_STROKE_ROMAN': macro redefinition
  f:\programs\ide\vs 2015\vc\include\glut.h(304): note: see previous definition of 'GLUT_STROKE_ROMAN'
f:\programs\ide\vs 2015\vc\include\freeglut_std.h(204): warning C4005: 'GLUT_STROKE_MONO_ROMAN': macro redefinition
  f:\programs\ide\vs 2015\vc\include\glut.h(305): note: see previous definition of 'GLUT_STROKE_MONO_ROMAN'
f:\programs\ide\vs 2015\vc\include\freeglut_std.h(205): warning C4005: 'GLUT_BITMAP_9_BY_15': macro redefinition
  f:\programs\ide\vs 2015\vc\include\glut.h(308): note: see previous definition of 'GLUT_BITMAP_9_BY_15'
f:\programs\ide\vs 2015\vc\include\freeglut_std.h(206): warning C4005: 'GLUT_BITMAP_8_BY_13': macro redefinition
  f:\programs\ide\vs 2015\vc\include\glut.h(309): note: see previous definition of 'GLUT_BITMAP_8_BY_13'
f:\programs\ide\vs 2015\vc\include\freeglut_std.h(207): warning C4005: 'GLUT_BITMAP_TIMES_ROMAN_10': macro redefinition
  f:\programs\ide\vs 2015\vc\include\glut.h(310): note: see previous definition of 'GLUT_BITMAP_TIMES_ROMAN_10'
f:\programs\ide\vs 2015\vc\include\freeglut_std.h(208): warning C4005: 'GLUT_BITMAP_TIMES_ROMAN_24': macro redefinition
  f:\programs\ide\vs 2015\vc\include\glut.h(311): note: see previous definition of 'GLUT_BITMAP_TIMES_ROMAN_24'
f:\programs\ide\vs 2015\vc\include\freeglut_std.h(209): warning C4005: 'GLUT_BITMAP_HELVETICA_10': macro redefinition
  f:\programs\ide\vs 2015\vc\include\glut.h(313): note: see previous definition of 'GLUT_BITMAP_HELVETICA_10'
f:\programs\ide\vs 2015\vc\include\freeglut_std.h(210): warning C4005: 'GLUT_BITMAP_HELVETICA_12': macro redefinition
  f:\programs\ide\vs 2015\vc\include\glut.h(314): note: see previous definition of 'GLUT_BITMAP_HELVETICA_12'
f:\programs\ide\vs 2015\vc\include\freeglut_std.h(211): warning C4005: 'GLUT_BITMAP_HELVETICA_18': macro redefinition
  f:\programs\ide\vs 2015\vc\include\glut.h(315): note: see previous definition of 'GLUT_BITMAP_HELVETICA_18'
f:\programs\ide\vs 2015\vc\include\freeglut_std.h(243): warning C4005: 'GLUT_WINDOW_X': macro redefinition
  f:\programs\ide\vs 2015\vc\include\glut.h(348): note: see previous definition of 'GLUT_WINDOW_X'
f:\programs\ide\vs 2015\vc\include\freeglut_std.h(244): warning C4005: 'GLUT_WINDOW_Y': macro redefinition
  f:\programs\ide\vs 2015\vc\include\glut.h(349): note: see previous definition of 'GLUT_WINDOW_Y'
f:\programs\ide\vs 2015\vc\include\freeglut_std.h(245): warning C4005: 'GLUT_WINDOW_WIDTH': macro redefinition
  f:\programs\ide\vs 2015\vc\include\glut.h(350): note: see previous definition of 'GLUT_WINDOW_WIDTH'
f:\programs\ide\vs 2015\vc\include\freeglut_std.h(246): warning C4005: 'GLUT_WINDOW_HEIGHT': macro redefinition
  f:\programs\ide\vs 2015\vc\include\glut.h(351): note: see previous definition of 'GLUT_WINDOW_HEIGHT'
f:\programs\ide\vs 2015\vc\include\freeglut_std.h(247): warning C4005: 'GLUT_WINDOW_BUFFER_SIZE': macro redefinition
  f:\programs\ide\vs 2015\vc\include\glut.h(352): note: see previous definition of 'GLUT_WINDOW_BUFFER_SIZE'
f:\programs\ide\vs 2015\vc\include\freeglut_std.h(248): warning C4005: 'GLUT_WINDOW_STENCIL_SIZE': macro redefinition
  f:\programs\ide\vs 2015\vc\include\glut.h(353): note: see previous definition of 'GLUT_WINDOW_STENCIL_SIZE'
f:\programs\ide\vs 2015\vc\include\freeglut_std.h(249): warning C4005: 'GLUT_WINDOW_DEPTH_SIZE': macro redefinition
  f:\programs\ide\vs 2015\vc\include\glut.h(354): note: see previous definition of 'GLUT_WINDOW_DEPTH_SIZE'
f:\programs\ide\vs 2015\vc\include\freeglut_std.h(250): warning C4005: 'GLUT_WINDOW_RED_SIZE': macro redefinition
  f:\programs\ide\vs 2015\vc\include\glut.h(355): note: see previous definition of 'GLUT_WINDOW_RED_SIZE'
f:\programs\ide\vs 2015\vc\include\freeglut_std.h(251): warning C4005: 'GLUT_WINDOW_GREEN_SIZE': macro redefinition
  f:\programs\ide\vs 2015\vc\include\glut.h(356): note: see previous definition of 'GLUT_WINDOW_GREEN_SIZE'
f:\programs\ide\vs 2015\vc\include\freeglut_std.h(252): warning C4005: 'GLUT_WINDOW_BLUE_SIZE': macro redefinition
  f:\programs\ide\vs 2015\vc\include\glut.h(357): note: see previous definition of 'GLUT_WINDOW_BLUE_SIZE'
f:\programs\ide\vs 2015\vc\include\freeglut_std.h(253): warning C4005: 'GLUT_WINDOW_ALPHA_SIZE': macro redefinition
  f:\programs\ide\vs 2015\vc\include\glut.h(358): note: see previous definition of 'GLUT_WINDOW_ALPHA_SIZE'
f:\programs\ide\vs 2015\vc\include\freeglut_std.h(254): warning C4005: 'GLUT_WINDOW_ACCUM_RED_SIZE': macro redefinition
  f:\programs\ide\vs 2015\vc\include\glut.h(359): note: see previous definition of 'GLUT_WINDOW_ACCUM_RED_SIZE'
f:\programs\ide\vs 2015\vc\include\freeglut_std.h(255): warning C4005: 'GLUT_WINDOW_ACCUM_GREEN_SIZE': macro redefinition
  f:\programs\ide\vs 2015\vc\include\glut.h(360): note: see previous definition of 'GLUT_WINDOW_ACCUM_GREEN_SIZE'
f:\programs\ide\vs 2015\vc\include\freeglut_std.h(256): warning C4005: 'GLUT_WINDOW_ACCUM_BLUE_SIZE': macro redefinition
  f:\programs\ide\vs 2015\vc\include\glut.h(361): note: see previous definition of 'GLUT_WINDOW_ACCUM_BLUE_SIZE'
f:\programs\ide\vs 2015\vc\include\freeglut_std.h(257): warning C4005: 'GLUT_WINDOW_ACCUM_ALPHA_SIZE': macro redefinition
  f:\programs\ide\vs 2015\vc\include\glut.h(362): note: see previous definition of 'GLUT_WINDOW_ACCUM_ALPHA_SIZE'
f:\programs\ide\vs 2015\vc\include\freeglut_std.h(258): warning C4005: 'GLUT_WINDOW_DOUBLEBUFFER': macro redefinition
  f:\programs\ide\vs 2015\vc\include\glut.h(363): note: see previous definition of 'GLUT_WINDOW_DOUBLEBUFFER'
f:\programs\ide\vs 2015\vc\include\freeglut_std.h(259): warning C4005: 'GLUT_WINDOW_RGBA': macro redefinition
  f:\programs\ide\vs 2015\vc\include\glut.h(364): note: see previous definition of 'GLUT_WINDOW_RGBA'
f:\programs\ide\vs 2015\vc\include\freeglut_std.h(260): warning C4005: 'GLUT_WINDOW_PARENT': macro redefinition
  f:\programs\ide\vs 2015\vc\include\glut.h(365): note: see previous definition of 'GLUT_WINDOW_PARENT'
f:\programs\ide\vs 2015\vc\include\freeglut_std.h(261): warning C4005: 'GLUT_WINDOW_NUM_CHILDREN': macro redefinition
  f:\programs\ide\vs 2015\vc\include\glut.h(366): note: see previous definition of 'GLUT_WINDOW_NUM_CHILDREN'
f:\programs\ide\vs 2015\vc\include\freeglut_std.h(262): warning C4005: 'GLUT_WINDOW_COLORMAP_SIZE': macro redefinition
  f:\programs\ide\vs 2015\vc\include\glut.h(367): note: see previous definition of 'GLUT_WINDOW_COLORMAP_SIZE'
f:\programs\ide\vs 2015\vc\include\freeglut_std.h(263): warning C4005: 'GLUT_WINDOW_NUM_SAMPLES': macro redefinition
  f:\programs\ide\vs 2015\vc\include\glut.h(369): note: see previous definition of 'GLUT_WINDOW_NUM_SAMPLES'
f:\programs\ide\vs 2015\vc\include\freeglut_std.h(264): warning C4005: 'GLUT_WINDOW_STEREO': macro redefinition
  f:\programs\ide\vs 2015\vc\include\glut.h(370): note: see previous definition of 'GLUT_WINDOW_STEREO'
f:\programs\ide\vs 2015\vc\include\freeglut_std.h(265): warning C4005: 'GLUT_WINDOW_CURSOR': macro redefinition
  f:\programs\ide\vs 2015\vc\include\glut.h(373): note: see previous definition of 'GLUT_WINDOW_CURSOR'
f:\programs\ide\vs 2015\vc\include\freeglut_std.h(267): warning C4005: 'GLUT_SCREEN_WIDTH': macro redefinition
  f:\programs\ide\vs 2015\vc\include\glut.h(375): note: see previous definition of 'GLUT_SCREEN_WIDTH'
f:\programs\ide\vs 2015\vc\include\freeglut_std.h(268): warning C4005: 'GLUT_SCREEN_HEIGHT': macro redefinition
  f:\programs\ide\vs 2015\vc\include\glut.h(376): note: see previous definition of 'GLUT_SCREEN_HEIGHT'
f:\programs\ide\vs 2015\vc\include\freeglut_std.h(269): warning C4005: 'GLUT_SCREEN_WIDTH_MM': macro redefinition
  f:\programs\ide\vs 2015\vc\include\glut.h(377): note: see previous definition of 'GLUT_SCREEN_WIDTH_MM'
f:\programs\ide\vs 2015\vc\include\freeglut_std.h(270): warning C4005: 'GLUT_SCREEN_HEIGHT_MM': macro redefinition
  f:\programs\ide\vs 2015\vc\include\glut.h(378): note: see previous definition of 'GLUT_SCREEN_HEIGHT_MM'
f:\programs\ide\vs 2015\vc\include\freeglut_std.h(271): warning C4005: 'GLUT_MENU_NUM_ITEMS': macro redefinition
  f:\programs\ide\vs 2015\vc\include\glut.h(379): note: see previous definition of 'GLUT_MENU_NUM_ITEMS'
f:\programs\ide\vs 2015\vc\include\freeglut_std.h(272): warning C4005: 'GLUT_DISPLAY_MODE_POSSIBLE': macro redefinition
  f:\programs\ide\vs 2015\vc\include\glut.h(380): note: see previous definition of 'GLUT_DISPLAY_MODE_POSSIBLE'
f:\programs\ide\vs 2015\vc\include\freeglut_std.h(273): warning C4005: 'GLUT_INIT_WINDOW_X': macro redefinition
  f:\programs\ide\vs 2015\vc\include\glut.h(381): note: see previous definition of 'GLUT_INIT_WINDOW_X'
f:\programs\ide\vs 2015\vc\include\freeglut_std.h(274): warning C4005: 'GLUT_INIT_WINDOW_Y': macro redefinition
  f:\programs\ide\vs 2015\vc\include\glut.h(382): note: see previous definition of 'GLUT_INIT_WINDOW_Y'
f:\programs\ide\vs 2015\vc\include\freeglut_std.h(275): warning C4005: 'GLUT_INIT_WINDOW_WIDTH': macro redefinition
  f:\programs\ide\vs 2015\vc\include\glut.h(383): note: see previous definition of 'GLUT_INIT_WINDOW_WIDTH'
f:\programs\ide\vs 2015\vc\include\freeglut_std.h(276): warning C4005: 'GLUT_INIT_WINDOW_HEIGHT': macro redefinition
  f:\programs\ide\vs 2015\vc\include\glut.h(384): note: see previous definition of 'GLUT_INIT_WINDOW_HEIGHT'
f:\programs\ide\vs 2015\vc\include\freeglut_std.h(277): warning C4005: 'GLUT_INIT_DISPLAY_MODE': macro redefinition
  f:\programs\ide\vs 2015\vc\include\glut.h(385): note: see previous definition of 'GLUT_INIT_DISPLAY_MODE'
f:\programs\ide\vs 2015\vc\include\freeglut_std.h(278): warning C4005: 'GLUT_ELAPSED_TIME': macro redefinition
  f:\programs\ide\vs 2015\vc\include\glut.h(387): note: see previous definition of 'GLUT_ELAPSED_TIME'
f:\programs\ide\vs 2015\vc\include\freeglut_std.h(279): warning C4005: 'GLUT_WINDOW_FORMAT_ID': macro redefinition
  f:\programs\ide\vs 2015\vc\include\glut.h(390): note: see previous definition of 'GLUT_WINDOW_FORMAT_ID'
f:\programs\ide\vs 2015\vc\include\freeglut_std.h(284): warning C4005: 'GLUT_HAS_KEYBOARD': macro redefinition
  f:\programs\ide\vs 2015\vc\include\glut.h(395): note: see previous definition of 'GLUT_HAS_KEYBOARD'
f:\programs\ide\vs 2015\vc\include\freeglut_std.h(285): warning C4005: 'GLUT_HAS_MOUSE': macro redefinition
  f:\programs\ide\vs 2015\vc\include\glut.h(396): note: see previous definition of 'GLUT_HAS_MOUSE'
f:\programs\ide\vs 2015\vc\include\freeglut_std.h(286): warning C4005: 'GLUT_HAS_SPACEBALL': macro redefinition
  f:\programs\ide\vs 2015\vc\include\glut.h(397): note: see previous definition of 'GLUT_HAS_SPACEBALL'
f:\programs\ide\vs 2015\vc\include\freeglut_std.h(287): warning C4005: 'GLUT_HAS_DIAL_AND_BUTTON_BOX': macro redefinition
  f:\programs\ide\vs 2015\vc\include\glut.h(398): note: see previous definition of 'GLUT_HAS_DIAL_AND_BUTTON_BOX'
f:\programs\ide\vs 2015\vc\include\freeglut_std.h(288): warning C4005: 'GLUT_HAS_TABLET': macro redefinition
  f:\programs\ide\vs 2015\vc\include\glut.h(399): note: see previous definition of 'GLUT_HAS_TABLET'
f:\programs\ide\vs 2015\vc\include\freeglut_std.h(289): warning C4005: 'GLUT_NUM_MOUSE_BUTTONS': macro redefinition
  f:\programs\ide\vs 2015\vc\include\glut.h(400): note: see previous definition of 'GLUT_NUM_MOUSE_BUTTONS'
f:\programs\ide\vs 2015\vc\include\freeglut_std.h(290): warning C4005: 'GLUT_NUM_SPACEBALL_BUTTONS': macro redefinition
  f:\programs\ide\vs 2015\vc\include\glut.h(401): note: see previous definition of 'GLUT_NUM_SPACEBALL_BUTTONS'
f:\programs\ide\vs 2015\vc\include\freeglut_std.h(291): warning C4005: 'GLUT_NUM_BUTTON_BOX_BUTTONS': macro redefinition
  f:\programs\ide\vs 2015\vc\include\glut.h(402): note: see previous definition of 'GLUT_NUM_BUTTON_BOX_BUTTONS'
f:\programs\ide\vs 2015\vc\include\freeglut_std.h(292): warning C4005: 'GLUT_NUM_DIALS': macro redefinition
  f:\programs\ide\vs 2015\vc\include\glut.h(403): note: see previous definition of 'GLUT_NUM_DIALS'
f:\programs\ide\vs 2015\vc\include\freeglut_std.h(293): warning C4005: 'GLUT_NUM_TABLET_BUTTONS': macro redefinition
  f:\programs\ide\vs 2015\vc\include\glut.h(404): note: see previous definition of 'GLUT_NUM_TABLET_BUTTONS'
f:\programs\ide\vs 2015\vc\include\freeglut_std.h(294): warning C4005: 'GLUT_DEVICE_IGNORE_KEY_REPEAT': macro redefinition
  f:\programs\ide\vs 2015\vc\include\glut.h(407): note: see previous definition of 'GLUT_DEVICE_IGNORE_KEY_REPEAT'
f:\programs\ide\vs 2015\vc\include\freeglut_std.h(295): warning C4005: 'GLUT_DEVICE_KEY_REPEAT': macro redefinition
  f:\programs\ide\vs 2015\vc\include\glut.h(408): note: see previous definition of 'GLUT_DEVICE_KEY_REPEAT'
f:\programs\ide\vs 2015\vc\include\freeglut_std.h(296): warning C4005: 'GLUT_HAS_JOYSTICK': macro redefinition
  f:\programs\ide\vs 2015\vc\include\glut.h(409): note: see previous definition of 'GLUT_HAS_JOYSTICK'
f:\programs\ide\vs 2015\vc\include\freeglut_std.h(297): warning C4005: 'GLUT_OWNS_JOYSTICK': macro redefinition
  f:\programs\ide\vs 2015\vc\include\glut.h(410): note: see previous definition of 'GLUT_OWNS_JOYSTICK'
f:\programs\ide\vs 2015\vc\include\freeglut_std.h(298): warning C4005: 'GLUT_JOYSTICK_BUTTONS': macro redefinition
  f:\programs\ide\vs 2015\vc\include\glut.h(411): note: see previous definition of 'GLUT_JOYSTICK_BUTTONS'
f:\programs\ide\vs 2015\vc\include\freeglut_std.h(299): warning C4005: 'GLUT_JOYSTICK_AXES': macro redefinition
  f:\programs\ide\vs 2015\vc\include\glut.h(412): note: see previous definition of 'GLUT_JOYSTICK_AXES'
f:\programs\ide\vs 2015\vc\include\freeglut_std.h(300): warning C4005: 'GLUT_JOYSTICK_POLL_RATE': macro redefinition
  f:\programs\ide\vs 2015\vc\include\glut.h(413): note: see previous definition of 'GLUT_JOYSTICK_POLL_RATE'
f:\programs\ide\vs 2015\vc\include\freeglut_std.h(305): warning C4005: 'GLUT_OVERLAY_POSSIBLE': macro redefinition
  f:\programs\ide\vs 2015\vc\include\glut.h(418): note: see previous definition of 'GLUT_OVERLAY_POSSIBLE'
f:\programs\ide\vs 2015\vc\include\freeglut_std.h(306): warning C4005: 'GLUT_LAYER_IN_USE': macro redefinition
  f:\programs\ide\vs 2015\vc\include\glut.h(419): note: see previous definition of 'GLUT_LAYER_IN_USE'
f:\programs\ide\vs 2015\vc\include\freeglut_std.h(307): warning C4005: 'GLUT_HAS_OVERLAY': macro redefinition
  f:\programs\ide\vs 2015\vc\include\glut.h(420): note: see previous definition of 'GLUT_HAS_OVERLAY'
f:\programs\ide\vs 2015\vc\include\freeglut_std.h(308): warning C4005: 'GLUT_TRANSPARENT_INDEX': macro redefinition
  f:\programs\ide\vs 2015\vc\include\glut.h(421): note: see previous definition of 'GLUT_TRANSPARENT_INDEX'
f:\programs\ide\vs 2015\vc\include\freeglut_std.h(309): warning C4005: 'GLUT_NORMAL_DAMAGED': macro redefinition
  f:\programs\ide\vs 2015\vc\include\glut.h(422): note: see previous definition of 'GLUT_NORMAL_DAMAGED'
f:\programs\ide\vs 2015\vc\include\freeglut_std.h(310): warning C4005: 'GLUT_OVERLAY_DAMAGED': macro redefinition
  f:\programs\ide\vs 2015\vc\include\glut.h(423): note: see previous definition of 'GLUT_OVERLAY_DAMAGED'
f:\programs\ide\vs 2015\vc\include\freeglut_std.h(315): warning C4005: 'GLUT_VIDEO_RESIZE_POSSIBLE': macro redefinition
  f:\programs\ide\vs 2015\vc\include\glut.h(427): note: see previous definition of 'GLUT_VIDEO_RESIZE_POSSIBLE'
f:\programs\ide\vs 2015\vc\include\freeglut_std.h(316): warning C4005: 'GLUT_VIDEO_RESIZE_IN_USE': macro redefinition
  f:\programs\ide\vs 2015\vc\include\glut.h(428): note: see previous definition of 'GLUT_VIDEO_RESIZE_IN_USE'
f:\programs\ide\vs 2015\vc\include\freeglut_std.h(317): warning C4005: 'GLUT_VIDEO_RESIZE_X_DELTA': macro redefinition
  f:\programs\ide\vs 2015\vc\include\glut.h(429): note: see previous definition of 'GLUT_VIDEO_RESIZE_X_DELTA'
f:\programs\ide\vs 2015\vc\include\freeglut_std.h(318): warning C4005: 'GLUT_VIDEO_RESIZE_Y_DELTA': macro redefinition
  f:\programs\ide\vs 2015\vc\include\glut.h(430): note: see previous definition of 'GLUT_VIDEO_RESIZE_Y_DELTA'
f:\programs\ide\vs 2015\vc\include\freeglut_std.h(319): warning C4005: 'GLUT_VIDEO_RESIZE_WIDTH_DELTA': macro redefinition
  f:\programs\ide\vs 2015\vc\include\glut.h(431): note: see previous definition of 'GLUT_VIDEO_RESIZE_WIDTH_DELTA'
f:\programs\ide\vs 2015\vc\include\freeglut_std.h(320): warning C4005: 'GLUT_VIDEO_RESIZE_HEIGHT_DELTA': macro redefinition
  f:\programs\ide\vs 2015\vc\include\glut.h(432): note: see previous definition of 'GLUT_VIDEO_RESIZE_HEIGHT_DELTA'
f:\programs\ide\vs 2015\vc\include\freeglut_std.h(321): warning C4005: 'GLUT_VIDEO_RESIZE_X': macro redefinition
  f:\programs\ide\vs 2015\vc\include\glut.h(433): note: see previous definition of 'GLUT_VIDEO_RESIZE_X'
f:\programs\ide\vs 2015\vc\include\freeglut_std.h(322): warning C4005: 'GLUT_VIDEO_RESIZE_Y': macro redefinition
  f:\programs\ide\vs 2015\vc\include\glut.h(434): note: see previous definition of 'GLUT_VIDEO_RESIZE_Y'
f:\programs\ide\vs 2015\vc\include\freeglut_std.h(323): warning C4005: 'GLUT_VIDEO_RESIZE_WIDTH': macro redefinition
  f:\programs\ide\vs 2015\vc\include\glut.h(435): note: see previous definition of 'GLUT_VIDEO_RESIZE_WIDTH'
f:\programs\ide\vs 2015\vc\include\freeglut_std.h(324): warning C4005: 'GLUT_VIDEO_RESIZE_HEIGHT': macro redefinition
  f:\programs\ide\vs 2015\vc\include\glut.h(436): note: see previous definition of 'GLUT_VIDEO_RESIZE_HEIGHT'
f:\programs\ide\vs 2015\vc\include\freeglut_std.h(329): warning C4005: 'GLUT_NORMAL': macro redefinition
  f:\programs\ide\vs 2015\vc\include\glut.h(440): note: see previous definition of 'GLUT_NORMAL'
f:\programs\ide\vs 2015\vc\include\freeglut_std.h(330): warning C4005: 'GLUT_OVERLAY': macro redefinition
  f:\programs\ide\vs 2015\vc\include\glut.h(441): note: see previous definition of 'GLUT_OVERLAY'
f:\programs\ide\vs 2015\vc\include\freeglut_std.h(335): warning C4005: 'GLUT_ACTIVE_SHIFT': macro redefinition
  f:\programs\ide\vs 2015\vc\include\glut.h(444): note: see previous definition of 'GLUT_ACTIVE_SHIFT'
f:\programs\ide\vs 2015\vc\include\freeglut_std.h(336): warning C4005: 'GLUT_ACTIVE_CTRL': macro redefinition
  f:\programs\ide\vs 2015\vc\include\glut.h(445): note: see previous definition of 'GLUT_ACTIVE_CTRL'
f:\programs\ide\vs 2015\vc\include\freeglut_std.h(337): warning C4005: 'GLUT_ACTIVE_ALT': macro redefinition
  f:\programs\ide\vs 2015\vc\include\glut.h(446): note: see previous definition of 'GLUT_ACTIVE_ALT'
f:\programs\ide\vs 2015\vc\include\freeglut_std.h(342): warning C4005: 'GLUT_CURSOR_RIGHT_ARROW': macro redefinition
  f:\programs\ide\vs 2015\vc\include\glut.h(450): note: see previous definition of 'GLUT_CURSOR_RIGHT_ARROW'
f:\programs\ide\vs 2015\vc\include\freeglut_std.h(343): warning C4005: 'GLUT_CURSOR_LEFT_ARROW': macro redefinition
  f:\programs\ide\vs 2015\vc\include\glut.h(451): note: see previous definition of 'GLUT_CURSOR_LEFT_ARROW'
f:\programs\ide\vs 2015\vc\include\freeglut_std.h(344): warning C4005: 'GLUT_CURSOR_INFO': macro redefinition
  f:\programs\ide\vs 2015\vc\include\glut.h(453): note: see previous definition of 'GLUT_CURSOR_INFO'
f:\programs\ide\vs 2015\vc\include\freeglut_std.h(345): warning C4005: 'GLUT_CURSOR_DESTROY': macro redefinition
  f:\programs\ide\vs 2015\vc\include\glut.h(454): note: see previous definition of 'GLUT_CURSOR_DESTROY'
f:\programs\ide\vs 2015\vc\include\freeglut_std.h(346): warning C4005: 'GLUT_CURSOR_HELP': macro redefinition
  f:\programs\ide\vs 2015\vc\include\glut.h(455): note: see previous definition of 'GLUT_CURSOR_HELP'
f:\programs\ide\vs 2015\vc\include\freeglut_std.h(347): warning C4005: 'GLUT_CURSOR_CYCLE': macro redefinition
  f:\programs\ide\vs 2015\vc\include\glut.h(456): note: see previous definition of 'GLUT_CURSOR_CYCLE'
f:\programs\ide\vs 2015\vc\include\freeglut_std.h(348): warning C4005: 'GLUT_CURSOR_SPRAY': macro redefinition
  f:\programs\ide\vs 2015\vc\include\glut.h(457): note: see previous definition of 'GLUT_CURSOR_SPRAY'
f:\programs\ide\vs 2015\vc\include\freeglut_std.h(349): warning C4005: 'GLUT_CURSOR_WAIT': macro redefinition
  f:\programs\ide\vs 2015\vc\include\glut.h(458): note: see previous definition of 'GLUT_CURSOR_WAIT'
f:\programs\ide\vs 2015\vc\include\freeglut_std.h(350): warning C4005: 'GLUT_CURSOR_TEXT': macro redefinition
  f:\programs\ide\vs 2015\vc\include\glut.h(459): note: see previous definition of 'GLUT_CURSOR_TEXT'
f:\programs\ide\vs 2015\vc\include\freeglut_std.h(351): warning C4005: 'GLUT_CURSOR_CROSSHAIR': macro redefinition
  f:\programs\ide\vs 2015\vc\include\glut.h(460): note: see previous definition of 'GLUT_CURSOR_CROSSHAIR'
f:\programs\ide\vs 2015\vc\include\freeglut_std.h(352): warning C4005: 'GLUT_CURSOR_UP_DOWN': macro redefinition
  f:\programs\ide\vs 2015\vc\include\glut.h(462): note: see previous definition of 'GLUT_CURSOR_UP_DOWN'
f:\programs\ide\vs 2015\vc\include\freeglut_std.h(353): warning C4005: 'GLUT_CURSOR_LEFT_RIGHT': macro redefinition
  f:\programs\ide\vs 2015\vc\include\glut.h(463): note: see previous definition of 'GLUT_CURSOR_LEFT_RIGHT'
f:\programs\ide\vs 2015\vc\include\freeglut_std.h(354): warning C4005: 'GLUT_CURSOR_TOP_SIDE': macro redefinition
  f:\programs\ide\vs 2015\vc\include\glut.h(465): note: see previous definition of 'GLUT_CURSOR_TOP_SIDE'
f:\programs\ide\vs 2015\vc\include\freeglut_std.h(355): warning C4005: 'GLUT_CURSOR_BOTTOM_SIDE': macro redefinition
  f:\programs\ide\vs 2015\vc\include\glut.h(466): note: see previous definition of 'GLUT_CURSOR_BOTTOM_SIDE'
f:\programs\ide\vs 2015\vc\include\freeglut_std.h(356): warning C4005: 'GLUT_CURSOR_LEFT_SIDE': macro redefinition
  f:\programs\ide\vs 2015\vc\include\glut.h(467): note: see previous definition of 'GLUT_CURSOR_LEFT_SIDE'
f:\programs\ide\vs 2015\vc\include\freeglut_std.h(357): warning C4005: 'GLUT_CURSOR_RIGHT_SIDE': macro redefinition
  f:\programs\ide\vs 2015\vc\include\glut.h(468): note: see previous definition of 'GLUT_CURSOR_RIGHT_SIDE'
f:\programs\ide\vs 2015\vc\include\freeglut_std.h(358): warning C4005: 'GLUT_CURSOR_TOP_LEFT_CORNER': macro redefinition
  f:\programs\ide\vs 2015\vc\include\glut.h(469): note: see previous definition of 'GLUT_CURSOR_TOP_LEFT_CORNER'
f:\programs\ide\vs 2015\vc\include\freeglut_std.h(359): warning C4005: 'GLUT_CURSOR_TOP_RIGHT_CORNER': macro redefinition
  f:\programs\ide\vs 2015\vc\include\glut.h(470): note: see previous definition of 'GLUT_CURSOR_TOP_RIGHT_CORNER'
f:\programs\ide\vs 2015\vc\include\freeglut_std.h(360): warning C4005: 'GLUT_CURSOR_BOTTOM_RIGHT_CORNER': macro redefinition
  f:\programs\ide\vs 2015\vc\include\glut.h(471): note: see previous definition of 'GLUT_CURSOR_BOTTOM_RIGHT_CORNER'
f:\programs\ide\vs 2015\vc\include\freeglut_std.h(361): warning C4005: 'GLUT_CURSOR_BOTTOM_LEFT_CORNER': macro redefinition
  f:\programs\ide\vs 2015\vc\include\glut.h(472): note: see previous definition of 'GLUT_CURSOR_BOTTOM_LEFT_CORNER'
f:\programs\ide\vs 2015\vc\include\freeglut_std.h(362): warning C4005: 'GLUT_CURSOR_INHERIT': macro redefinition
  f:\programs\ide\vs 2015\vc\include\glut.h(474): note: see previous definition of 'GLUT_CURSOR_INHERIT'
f:\programs\ide\vs 2015\vc\include\freeglut_std.h(363): warning C4005: 'GLUT_CURSOR_NONE': macro redefinition
  f:\programs\ide\vs 2015\vc\include\glut.h(476): note: see previous definition of 'GLUT_CURSOR_NONE'
f:\programs\ide\vs 2015\vc\include\freeglut_std.h(364): warning C4005: 'GLUT_CURSOR_FULL_CROSSHAIR': macro redefinition
  f:\programs\ide\vs 2015\vc\include\glut.h(478): note: see previous definition of 'GLUT_CURSOR_FULL_CROSSHAIR'
f:\programs\ide\vs 2015\vc\include\freeglut_std.h(369): warning C4005: 'GLUT_RED': macro redefinition
  f:\programs\ide\vs 2015\vc\include\glut.h(298): note: see previous definition of 'GLUT_RED'
f:\programs\ide\vs 2015\vc\include\freeglut_std.h(370): warning C4005: 'GLUT_GREEN': macro redefinition
  f:\programs\ide\vs 2015\vc\include\glut.h(299): note: see previous definition of 'GLUT_GREEN'
f:\programs\ide\vs 2015\vc\include\freeglut_std.h(371): warning C4005: 'GLUT_BLUE': macro redefinition
  f:\programs\ide\vs 2015\vc\include\glut.h(300): note: see previous definition of 'GLUT_BLUE'
f:\programs\ide\vs 2015\vc\include\freeglut_std.h(376): warning C4005: 'GLUT_KEY_REPEAT_OFF': macro redefinition
  f:\programs\ide\vs 2015\vc\include\glut.h(661): note: see previous definition of 'GLUT_KEY_REPEAT_OFF'
f:\programs\ide\vs 2015\vc\include\freeglut_std.h(377): warning C4005: 'GLUT_KEY_REPEAT_ON': macro redefinition
  f:\programs\ide\vs 2015\vc\include\glut.h(662): note: see previous definition of 'GLUT_KEY_REPEAT_ON'
f:\programs\ide\vs 2015\vc\include\freeglut_std.h(378): warning C4005: 'GLUT_KEY_REPEAT_DEFAULT': macro redefinition
  f:\programs\ide\vs 2015\vc\include\glut.h(663): note: see previous definition of 'GLUT_KEY_REPEAT_DEFAULT'
f:\programs\ide\vs 2015\vc\include\freeglut_std.h(380): warning C4005: 'GLUT_JOYSTICK_BUTTON_A': macro redefinition
  f:\programs\ide\vs 2015\vc\include\glut.h(666): note: see previous definition of 'GLUT_JOYSTICK_BUTTON_A'
f:\programs\ide\vs 2015\vc\include\freeglut_std.h(381): warning C4005: 'GLUT_JOYSTICK_BUTTON_B': macro redefinition
  f:\programs\ide\vs 2015\vc\include\glut.h(667): note: see previous definition of 'GLUT_JOYSTICK_BUTTON_B'
f:\programs\ide\vs 2015\vc\include\freeglut_std.h(382): warning C4005: 'GLUT_JOYSTICK_BUTTON_C': macro redefinition
  f:\programs\ide\vs 2015\vc\include\glut.h(668): note: see previous definition of 'GLUT_JOYSTICK_BUTTON_C'
f:\programs\ide\vs 2015\vc\include\freeglut_std.h(383): warning C4005: 'GLUT_JOYSTICK_BUTTON_D': macro redefinition
  f:\programs\ide\vs 2015\vc\include\glut.h(669): note: see previous definition of 'GLUT_JOYSTICK_BUTTON_D'
f:\programs\ide\vs 2015\vc\include\freeglut_std.h(388): warning C4005: 'GLUT_GAME_MODE_ACTIVE': macro redefinition
  f:\programs\ide\vs 2015\vc\include\glut.h(677): note: see previous definition of 'GLUT_GAME_MODE_ACTIVE'
f:\programs\ide\vs 2015\vc\include\freeglut_std.h(389): warning C4005: 'GLUT_GAME_MODE_POSSIBLE': macro redefinition
  f:\programs\ide\vs 2015\vc\include\glut.h(678): note: see previous definition of 'GLUT_GAME_MODE_POSSIBLE'
f:\programs\ide\vs 2015\vc\include\freeglut_std.h(390): warning C4005: 'GLUT_GAME_MODE_WIDTH': macro redefinition
  f:\programs\ide\vs 2015\vc\include\glut.h(679): note: see previous definition of 'GLUT_GAME_MODE_WIDTH'
f:\programs\ide\vs 2015\vc\include\freeglut_std.h(391): warning C4005: 'GLUT_GAME_MODE_HEIGHT': macro redefinition
  f:\programs\ide\vs 2015\vc\include\glut.h(680): note: see previous definition of 'GLUT_GAME_MODE_HEIGHT'
f:\programs\ide\vs 2015\vc\include\freeglut_std.h(392): warning C4005: 'GLUT_GAME_MODE_PIXEL_DEPTH': macro redefinition
  f:\programs\ide\vs 2015\vc\include\glut.h(681): note: see previous definition of 'GLUT_GAME_MODE_PIXEL_DEPTH'
f:\programs\ide\vs 2015\vc\include\freeglut_std.h(393): warning C4005: 'GLUT_GAME_MODE_REFRESH_RATE': macro redefinition
  f:\programs\ide\vs 2015\vc\include\glut.h(682): note: see previous definition of 'GLUT_GAME_MODE_REFRESH_RATE'
f:\programs\ide\vs 2015\vc\include\freeglut_std.h(394): warning C4005: 'GLUT_GAME_MODE_DISPLAY_CHANGED': macro redefinition
  f:\programs\ide\vs 2015\vc\include\glut.h(683): note: see previous definition of 'GLUT_GAME_MODE_DISPLAY_CHANGED'
f:\programs\ide\vs 2015\vc\include\freeglut_std.h(399): error C2375: 'glutInit_ATEXIT_HACK': redefinition; different linkage
  f:\programs\ide\vs 2015\vc\include\glut.h(486): note: see declaration of 'glutInit_ATEXIT_HACK'
f:\programs\ide\vs 2015\vc\include\freeglut_std.h(413): error C2375: 'glutCreateWindow_ATEXIT_HACK': redefinition; different linkage
  f:\programs\ide\vs 2015\vc\include\glut.h(503): note: see declaration of 'glutCreateWindow_ATEXIT_HACK'
f:\programs\ide\vs 2015\vc\include\freeglut_std.h(456): error C2375: 'glutCreateMenu_ATEXIT_HACK': redefinition; different linkage
  f:\programs\ide\vs 2015\vc\include\glut.h(549): note: see declaration of 'glutCreateMenu_ATEXIT_HACK'
c:\program files (x86)\windows kits\10\include\10.0.10240.0\ucrt\stdlib.h(50): error C2381: 'exit': redefinition; '__declspec(noreturn)' or '[[noreturn]]' differs
  f:\programs\ide\vs 2015\vc\include\glut.h(146): note: see declaration of 'exit'
g:\projects\c++ projects\games\saper\saper\saper.cpp(78): warning C4838: conversion from 'int' to 'unsigned char' requires a narrowing conversion
